2022-05-16 17:04:31,857 [Worker-6: Loading available Gradle versions] INFO  o.e.b.c.i.u.g.PublishedGradleVersions - Gradle version information cache is up-to-date. Trying to read.
2022-05-16 17:12:05,148 [Worker-30: Update Maven projects configuration] INFO  o.e.m.c.i.p.ProjectConfigurationManager - Update started
2022-05-16 17:12:13,843 [Worker-30: Update Maven projects configuration] INFO  o.e.m.c.i.l.LifecycleMappingFactory - Using org.eclipse.m2e.jdt.JarLifecycleMapping lifecycle mapping for MavenProject: com.example:amazon-api-rest:0.0.1-SNAPSHOT @ /home/ari/eclipse-workspace/amazon-api-rest/amazon-api-rest/pom.xml.
2022-05-16 17:12:20,756 [Worker-30: Update Maven projects configuration] INFO  o.e.m.j.i.AbstractJavaProjectConfigurator - Adding source folder /amazon-api-rest_amazon-api-rest/src/main/java
2022-05-16 17:12:20,799 [Worker-30: Update Maven projects configuration] INFO  o.e.m.j.i.AbstractJavaProjectConfigurator - Adding resource folder /amazon-api-rest_amazon-api-rest/src/main/resources
2022-05-16 17:12:20,857 [Worker-30: Update Maven projects configuration] INFO  o.e.m.j.i.AbstractJavaProjectConfigurator - Adding resource folder /amazon-api-rest_amazon-api-rest/src/main/resources
2022-05-16 17:12:20,938 [Worker-30: Update Maven projects configuration] INFO  o.e.m.j.i.AbstractJavaProjectConfigurator - Adding source folder /amazon-api-rest_amazon-api-rest/src/test/java
2022-05-16 17:12:30,818 [Worker-30: Update Maven projects configuration] INFO  o.e.m.c.i.embedder.EclipseLogger - Using 'UTF-8' encoding to copy filtered resources.
2022-05-16 17:12:30,818 [Worker-30: Update Maven projects configuration] INFO  o.e.m.c.i.embedder.EclipseLogger - Using 'UTF-8' encoding to copy filtered properties files.
2022-05-16 17:12:30,856 [Worker-30: Update Maven projects configuration] INFO  o.e.m.c.i.embedder.EclipseLogger - Copying 1 resource
2022-05-16 17:12:30,998 [Worker-30: Update Maven projects configuration] INFO  o.e.m.c.i.embedder.EclipseLogger - Copying 0 resource
2022-05-16 17:12:31,019 [Worker-30: Update Maven projects configuration] INFO  o.e.m.c.i.embedder.EclipseLogger - Using 'UTF-8' encoding to copy filtered resources.
2022-05-16 17:12:31,020 [Worker-30: Update Maven projects configuration] INFO  o.e.m.c.i.embedder.EclipseLogger - Using 'UTF-8' encoding to copy filtered properties files.
2022-05-16 17:12:31,021 [Worker-30: Update Maven projects configuration] INFO  o.e.m.c.i.embedder.EclipseLogger - skip non existing resourceDirectory /home/ari/eclipse-workspace/amazon-api-rest/amazon-api-rest/src/test/resources
2022-05-16 17:12:36,887 [Worker-30: Update Maven projects configuration] INFO  o.e.m.c.i.p.ProjectConfigurationManager - Update completed: 31 sec
2022-05-16 17:12:39,009 [Worker-29: Building] INFO  o.e.m.c.i.embedder.EclipseLogger - Using 'UTF-8' encoding to copy filtered resources.
2022-05-16 17:12:39,009 [Worker-29: Building] INFO  o.e.m.c.i.embedder.EclipseLogger - Using 'UTF-8' encoding to copy filtered properties files.
2022-05-16 17:12:39,012 [Worker-29: Building] INFO  o.e.m.c.i.embedder.EclipseLogger - Copying 1 resource
2022-05-16 17:12:39,015 [Worker-29: Building] INFO  o.e.m.c.i.embedder.EclipseLogger - Copying 0 resource
2022-05-16 17:12:39,019 [Worker-29: Building] INFO  o.e.m.c.i.embedder.EclipseLogger - Using 'UTF-8' encoding to copy filtered resources.
2022-05-16 17:12:39,019 [Worker-29: Building] INFO  o.e.m.c.i.embedder.EclipseLogger - Using 'UTF-8' encoding to copy filtered properties files.
2022-05-16 17:12:39,019 [Worker-29: Building] INFO  o.e.m.c.i.embedder.EclipseLogger - skip non existing resourceDirectory /home/ari/eclipse-workspace/amazon-api-rest/amazon-api-rest/src/test/resources
2022-05-16 17:19:01,661 [Worker-4: Loading available Gradle versions] INFO  o.e.b.c.i.u.g.PublishedGradleVersions - Gradle version information cache is up-to-date. Trying to read.
2022-05-16 17:20:01,956 [Worker-0: Launching Tomcat v8.0 Server at localhost] INFO  o.e.m.c.i.embedder.EclipseLogger - Using 'UTF-8' encoding to copy filtered resources.
2022-05-16 17:20:01,959 [Worker-0: Launching Tomcat v8.0 Server at localhost] INFO  o.e.m.c.i.embedder.EclipseLogger - Using 'UTF-8' encoding to copy filtered properties files.
2022-05-16 17:20:01,964 [Worker-0: Launching Tomcat v8.0 Server at localhost] INFO  o.e.m.c.i.embedder.EclipseLogger - Copying 1 resource
2022-05-16 17:20:01,985 [Worker-0: Launching Tomcat v8.0 Server at localhost] INFO  o.e.m.c.i.embedder.EclipseLogger - Copying 0 resource
2022-05-16 17:20:01,990 [Worker-0: Launching Tomcat v8.0 Server at localhost] INFO  o.e.m.c.i.embedder.EclipseLogger - Using 'UTF-8' encoding to copy filtered resources.
2022-05-16 17:20:01,990 [Worker-0: Launching Tomcat v8.0 Server at localhost] INFO  o.e.m.c.i.embedder.EclipseLogger - Using 'UTF-8' encoding to copy filtered properties files.
2022-05-16 17:20:01,990 [Worker-0: Launching Tomcat v8.0 Server at localhost] INFO  o.e.m.c.i.embedder.EclipseLogger - skip non existing resourceDirectory /home/ari/eclipse-workspace/amazon-api-rest/amazon-api-rest/src/test/resources
2022-05-16 17:22:17,474 [Worker-0: Launching amazon-api-rest_amazon-api-rest - AmazonApiRestApplication] INFO  o.e.m.c.i.embedder.EclipseLogger - Using 'UTF-8' encoding to copy filtered resources.
2022-05-16 17:22:17,475 [Worker-0: Launching amazon-api-rest_amazon-api-rest - AmazonApiRestApplication] INFO  o.e.m.c.i.embedder.EclipseLogger - Using 'UTF-8' encoding to copy filtered properties files.
2022-05-16 17:22:17,477 [Worker-0: Launching amazon-api-rest_amazon-api-rest - AmazonApiRestApplication] INFO  o.e.m.c.i.embedder.EclipseLogger - Copying 1 resource
2022-05-16 17:22:17,483 [Worker-0: Launching amazon-api-rest_amazon-api-rest - AmazonApiRestApplication] INFO  o.e.m.c.i.embedder.EclipseLogger - Copying 0 resource
2022-05-16 17:22:17,487 [Worker-0: Launching amazon-api-rest_amazon-api-rest - AmazonApiRestApplication] INFO  o.e.m.c.i.embedder.EclipseLogger - Using 'UTF-8' encoding to copy filtered resources.
2022-05-16 17:22:17,487 [Worker-0: Launching amazon-api-rest_amazon-api-rest - AmazonApiRestApplication] INFO  o.e.m.c.i.embedder.EclipseLogger - Using 'UTF-8' encoding to copy filtered properties files.
2022-05-16 17:22:17,487 [Worker-0: Launching amazon-api-rest_amazon-api-rest - AmazonApiRestApplication] INFO  o.e.m.c.i.embedder.EclipseLogger - skip non existing resourceDirectory /home/ari/eclipse-workspace/amazon-api-rest/amazon-api-rest/src/test/resources
2022-05-16 17:23:08,602 [Worker-23: Building] INFO  o.e.m.c.i.embedder.EclipseLogger - Using 'UTF-8' encoding to copy filtered resources.
2022-05-16 17:23:08,603 [Worker-23: Building] INFO  o.e.m.c.i.embedder.EclipseLogger - Using 'UTF-8' encoding to copy filtered properties files.
2022-05-16 17:23:08,607 [Worker-23: Building] INFO  o.e.m.c.i.embedder.EclipseLogger - Copying 1 resource
2022-05-16 17:23:08,615 [Worker-23: Building] INFO  o.e.m.c.i.embedder.EclipseLogger - Copying 0 resource
2022-05-16 17:23:08,619 [Worker-23: Building] INFO  o.e.m.c.i.embedder.EclipseLogger - Using 'UTF-8' encoding to copy filtered resources.
2022-05-16 17:23:08,620 [Worker-23: Building] INFO  o.e.m.c.i.embedder.EclipseLogger - Using 'UTF-8' encoding to copy filtered properties files.
2022-05-16 17:23:08,620 [Worker-23: Building] INFO  o.e.m.c.i.embedder.EclipseLogger - skip non existing resourceDirectory /home/ari/eclipse-workspace/amazon-api-rest/amazon-api-rest/src/test/resources
2022-05-16 17:23:47,052 [Worker-10: Building] INFO  o.e.m.c.i.embedder.EclipseLogger - Using 'UTF-8' encoding to copy filtered resources.
2022-05-16 17:23:47,052 [Worker-10: Building] INFO  o.e.m.c.i.embedder.EclipseLogger - Using 'UTF-8' encoding to copy filtered properties files.
2022-05-16 17:23:47,052 [Worker-10: Building] INFO  o.e.m.c.i.embedder.EclipseLogger - Copying 1 resource
2022-05-16 17:23:47,071 [Worker-10: Building] INFO  o.e.m.c.i.embedder.EclipseLogger - Copying 0 resource
2022-05-16 17:23:47,074 [Worker-10: Building] INFO  o.e.m.c.i.embedder.EclipseLogger - Using 'UTF-8' encoding to copy filtered resources.
2022-05-16 17:23:47,074 [Worker-10: Building] INFO  o.e.m.c.i.embedder.EclipseLogger - Using 'UTF-8' encoding to copy filtered properties files.
2022-05-16 17:23:47,075 [Worker-10: Building] INFO  o.e.m.c.i.embedder.EclipseLogger - skip non existing resourceDirectory /home/ari/eclipse-workspace/amazon-api-rest/amazon-api-rest/src/test/resources
2022-05-16 17:23:50,941 [Worker-3: Building] INFO  o.e.m.c.i.embedder.EclipseLogger - Using 'UTF-8' encoding to copy filtered resources.
2022-05-16 17:23:50,941 [Worker-3: Building] INFO  o.e.m.c.i.embedder.EclipseLogger - Using 'UTF-8' encoding to copy filtered properties files.
2022-05-16 17:23:50,942 [Worker-3: Building] INFO  o.e.m.c.i.embedder.EclipseLogger - Copying 1 resource
2022-05-16 17:23:50,959 [Worker-3: Building] INFO  o.e.m.c.i.embedder.EclipseLogger - Copying 0 resource
2022-05-16 17:23:50,962 [Worker-3: Building] INFO  o.e.m.c.i.embedder.EclipseLogger - Using 'UTF-8' encoding to copy filtered resources.
2022-05-16 17:23:50,962 [Worker-3: Building] INFO  o.e.m.c.i.embedder.EclipseLogger - Using 'UTF-8' encoding to copy filtered properties files.
2022-05-16 17:23:50,962 [Worker-3: Building] INFO  o.e.m.c.i.embedder.EclipseLogger - skip non existing resourceDirectory /home/ari/eclipse-workspace/amazon-api-rest/amazon-api-rest/src/test/resources
2022-05-16 17:23:54,102 [Worker-7: Building] INFO  o.e.m.c.i.embedder.EclipseLogger - Using 'UTF-8' encoding to copy filtered resources.
2022-05-16 17:23:54,102 [Worker-7: Building] INFO  o.e.m.c.i.embedder.EclipseLogger - Using 'UTF-8' encoding to copy filtered properties files.
2022-05-16 17:23:54,103 [Worker-7: Building] INFO  o.e.m.c.i.embedder.EclipseLogger - Copying 1 resource
2022-05-16 17:23:54,188 [Worker-7: Building] INFO  o.e.m.c.i.embedder.EclipseLogger - Copying 0 resource
2022-05-16 17:23:54,191 [Worker-7: Building] INFO  o.e.m.c.i.embedder.EclipseLogger - Using 'UTF-8' encoding to copy filtered resources.
2022-05-16 17:23:54,192 [Worker-7: Building] INFO  o.e.m.c.i.embedder.EclipseLogger - Using 'UTF-8' encoding to copy filtered properties files.
2022-05-16 17:23:54,192 [Worker-7: Building] INFO  o.e.m.c.i.embedder.EclipseLogger - skip non existing resourceDirectory /home/ari/eclipse-workspace/amazon-api-rest/amazon-api-rest/src/test/resources
2022-05-16 17:24:26,372 [Worker-4: Building] INFO  o.e.m.c.i.embedder.EclipseLogger - Using 'UTF-8' encoding to copy filtered resources.
2022-05-16 17:24:26,372 [Worker-4: Building] INFO  o.e.m.c.i.embedder.EclipseLogger - Using 'UTF-8' encoding to copy filtered properties files.
2022-05-16 17:24:26,373 [Worker-4: Building] INFO  o.e.m.c.i.embedder.EclipseLogger - Copying 1 resource
2022-05-16 17:24:26,382 [Worker-4: Building] INFO  o.e.m.c.i.embedder.EclipseLogger - Copying 0 resource
2022-05-16 17:24:26,386 [Worker-4: Building] INFO  o.e.m.c.i.embedder.EclipseLogger - Using 'UTF-8' encoding to copy filtered resources.
2022-05-16 17:24:26,386 [Worker-4: Building] INFO  o.e.m.c.i.embedder.EclipseLogger - Using 'UTF-8' encoding to copy filtered properties files.
2022-05-16 17:24:26,386 [Worker-4: Building] INFO  o.e.m.c.i.embedder.EclipseLogger - skip non existing resourceDirectory /home/ari/eclipse-workspace/amazon-api-rest/amazon-api-rest/src/test/resources
2022-05-18 11:24:32,773 [Worker-3: Loading available Gradle versions] INFO  o.e.b.c.i.u.g.PublishedGradleVersions - Gradle version information cache is out-of-date. Trying to update.
